/*C8*/SET SCHEMA PUBLIC
DELETE FROM USERS WHERE ID=1031
DELETE FROM USERS WHERE ID=1032
COMMIT
INSERT INTO USERS VALUES(1000,'Glen','Elg','1968-04-26')
COMMIT
INSERT INTO USERS VALUES(1001,'Yuri','Cosmos','1957-12-06')
COMMIT
DISCONNECT
/*C9*/SET SCHEMA PUBLIC
DISCONNECT
/*C10*/SET SCHEMA PUBLIC
DELETE FROM USERS WHERE ID=1000
DELETE FROM USERS WHERE ID=1001
COMMIT
INSERT INTO USERS VALUES(1000,'Glen','Elg','1968-04-26')
COMMIT
INSERT INTO USERS VALUES(1001,'Yuri','Cosmos','1957-12-06')
COMMIT
DISCONNECT
/*C11*/SET SCHEMA PUBLIC
DISCONNECT
/*C12*/SET SCHEMA PUBLIC
DELETE FROM USERS WHERE ID=1000
DELETE FROM USERS WHERE ID=1001
COMMIT
INSERT INTO USERS VALUES(1000,'Glen','Elg','1968-04-26')
COMMIT
INSERT INTO USERS VALUES(1001,'Yuri','Cosmos','1957-12-06')
COMMIT
DISCONNECT
/*C13*/SET SCHEMA PUBLIC
DISCONNECT
/*C14*/SET SCHEMA PUBLIC
DELETE FROM USERS WHERE ID=1000
DELETE FROM USERS WHERE ID=1001
COMMIT
INSERT INTO USERS VALUES(1000,'Glen','Elg','1968-04-26')
COMMIT
INSERT INTO USERS VALUES(1001,'Yuri','Cosmos','1957-12-06')
COMMIT
DISCONNECT
/*C15*/SET SCHEMA PUBLIC
DISCONNECT
/*C16*/SET SCHEMA PUBLIC
DELETE FROM USERS WHERE ID=1000
INSERT INTO USERS VALUES(1000,'Helen','Elg','1968-04-26')
COMMIT
DISCONNECT
/*C17*/SET SCHEMA PUBLIC
DISCONNECT
/*C18*/SET SCHEMA PUBLIC
DELETE FROM USERS WHERE ID=1000
DELETE FROM USERS WHERE ID=1001
COMMIT
INSERT INTO USERS VALUES(1000,'Glen','Elg','1968-04-26')
COMMIT
INSERT INTO USERS VALUES(1001,'Yuri','Cosmos','1957-12-06')
COMMIT
DISCONNECT
/*C19*/SET SCHEMA PUBLIC
INSERT INTO USERS VALUES(1033,'Yevhenii','Baranow','2010-01-01')
COMMIT
DISCONNECT
/*C20*/SET SCHEMA PUBLIC
DELETE FROM USERS WHERE ID=1000
DELETE FROM USERS WHERE ID=1001
DELETE FROM USERS WHERE ID=1033
COMMIT
INSERT INTO USERS VALUES(1000,'Glen','Elg','1968-04-26')
COMMIT
INSERT INTO USERS VALUES(1001,'Yuri','Cosmos','1957-12-06')
COMMIT
DISCONNECT
/*C21*/SET SCHEMA PUBLIC
DISCONNECT
